manifest_merge_blame_file/debug/manifest-merger-blame-debug-report.txt
1<?xml version="1.0" encoding="utf-8"?>
2<manifest xmlns:android="http://schemas.android.com/apk/res/android"
3    package="com.example.databarang"
4    android:versionCode="1"
5    android:versionName="1.0" >
6
7    <uses-sdk
8        android:minSdkVersion="21"
8-->src\main\AndroidManifest.xml
9        android:targetSdkVersion="30" />
9-->src\main\AndroidManifest.xml
10
11    <uses-permission android:name="android.permission.INTERNET" />
11-->src\main\AndroidManifest.xml:5:5-67
11-->src\main\AndroidManifest.xml:5:22-64
12
13    <application
13-->src\main\AndroidManifest.xml:7:5-33:19
14        android:allowBackup="true"
14-->src\main\AndroidManifest.xml:8:9-35
15        android:appComponentFactory="androidx.core.app.CoreComponentFactory"
15-->[androidx.core:core:1.5.0] AndroidManifest.xml:24:18-86
16        android:debuggable="true"
17        android:icon="@mipmap/ic_launcher"
17-->src\main\AndroidManifest.xml:9:9-43
18        android:label="@string/app_name"
18-->src\main\AndroidManifest.xml:10:9-41
19        android:roundIcon="@mipmap/ic_launcher_round"
19-->src\main\AndroidManifest.xml:11:9-54
20        android:supportsRtl="true"
20-->src\main\AndroidManifest.xml:12:9-35
21        android:testOnly="true"
22        android:theme="@style/AppTheme"
22-->src\main\AndroidManifest.xml:13:9-40
23        android:usesCleartextTraffic="true" >
23-->src\main\AndroidManifest.xml:14:9-44
24        <activity android:name="com.example.databarang.UpdateDataActivity" />
24-->src\main\AndroidManifest.xml:15:9-65
24-->src\main\AndroidManifest.xml:15:19-53
25        <activity android:name="com.example.databarang.InsertDataActivity" />
25-->src\main\AndroidManifest.xml:16:9-56
25-->src\main\AndroidManifest.xml:16:19-53
26        <activity android:name="com.example.databarang.RegisterActivity" />
26-->src\main\AndroidManifest.xml:17:9-54
26-->src\main\AndroidManifest.xml:17:19-51
27        <activity android:name="com.example.databarang.LoginActivity" />
27-->src\main\AndroidManifest.xml:18:9-51
27-->src\main\AndroidManifest.xml:18:19-48
28        <activity android:name="com.example.databarang.main" />
28-->src\main\AndroidManifest.xml:19:9-42
28-->src\main\AndroidManifest.xml:19:19-39
29        <activity
29-->src\main\AndroidManifest.xml:21:9-31:20
30            android:name="com.example.databarang.SplashScreen"
30-->src\main\AndroidManifest.xml:22:13-41
31            android:label="@string/app_name"
31-->src\main\AndroidManifest.xml:23:13-45
32            android:theme="@style/AppTheme.NoActionBar" >
32-->src\main\AndroidManifest.xml:24:13-56
33            <intent-filter>
33-->src\main\AndroidManifest.xml:26:13-29:29
34                <action android:name="android.intent.action.MAIN" />
34-->src\main\AndroidManifest.xml:27:17-69
34-->src\main\AndroidManifest.xml:27:25-66
35
36                <category android:name="android.intent.category.LAUNCHER" />
36-->src\main\AndroidManifest.xml:28:17-77
36-->src\main\AndroidManifest.xml:28:27-74
37            </intent-filter>
38        </activity>
39    </application>
40
41</manifest>